2024-01-23 21:05:04,178 INFO o.a.j.u.JMeterUtils: Setting Locale to en
2024-01-23 21:05:04,290 INFO o.a.j.JMeter: Loading user properties from: user.properties
2024-01-23 21:05:04,297 INFO o.a.j.JMeter: Loading system properties from: system.properties
2024-01-23 21:05:04,363 INFO o.a.j.JMeter: Copyright (c) 1998-2024 The Apache Software Foundation
2024-01-23 21:05:04,363 INFO o.a.j.JMeter: Version 5.6.3
2024-01-23 21:05:04,364 INFO o.a.j.JMeter: java.version=17.0.9
2024-01-23 21:05:04,364 INFO o.a.j.JMeter: java.vm.name=OpenJDK 64-Bit Server VM
2024-01-23 21:05:04,364 INFO o.a.j.JMeter: os.name=Linux
2024-01-23 21:05:04,364 INFO o.a.j.JMeter: os.arch=amd64
2024-01-23 21:05:04,365 INFO o.a.j.JMeter: os.version=5.15.133.1-microsoft-standard-WSL2
2024-01-23 21:05:04,365 INFO o.a.j.JMeter: file.encoding=UTF-8
2024-01-23 21:05:04,365 INFO o.a.j.JMeter: java.awt.headless=null
2024-01-23 21:05:04,366 INFO o.a.j.JMeter: Max memory     =2074083328
2024-01-23 21:05:04,366 INFO o.a.j.JMeter: Available Processors =4
2024-01-23 21:05:04,419 INFO o.a.j.JMeter: Default Locale=English
2024-01-23 21:05:04,420 INFO o.a.j.JMeter: JMeter  Locale=English
2024-01-23 21:05:04,420 INFO o.a.j.JMeter: JMeterHome=/home/projects/recruitment-service/apache-jmeter-5.6.3
2024-01-23 21:05:04,420 INFO o.a.j.JMeter: user.dir  =/home/projects/recruitment-service/apache-jmeter-5.6.3/bin
2024-01-23 21:05:04,421 INFO o.a.j.JMeter: PWD       =/home/projects/recruitment-service/apache-jmeter-5.6.3/bin
2024-01-23 21:05:04,422 INFO o.a.j.JMeter: IP: 127.0.1.1 Name: DESKTOP-48CABNN FullName: DESKTOP-48CABNN.
2024-01-23 21:05:04,533 INFO o.a.j.JMeter: Loaded icon properties from org/apache/jmeter/images/icon.properties
2024-01-23 21:05:05,589 INFO o.a.j.JMeterGuiLauncher: Setting LAF to: com.github.weisj.darklaf.DarkLaf:com.github.weisj.darklaf.theme.DarculaTheme
2024-01-23 21:08:51,762 INFO o.a.j.p.h.s.HTTPSamplerBase: Parser for text/html is org.apache.jmeter.protocol.http.parser.LagartoBasedHtmlParser
2024-01-23 21:08:51,763 INFO o.a.j.p.h.s.HTTPSamplerBase: Parser for application/xhtml+xml is org.apache.jmeter.protocol.http.parser.LagartoBasedHtmlParser
2024-01-23 21:08:51,764 INFO o.a.j.p.h.s.HTTPSamplerBase: Parser for application/xml is org.apache.jmeter.protocol.http.parser.LagartoBasedHtmlParser
2024-01-23 21:08:51,764 INFO o.a.j.p.h.s.HTTPSamplerBase: Parser for text/xml is org.apache.jmeter.protocol.http.parser.LagartoBasedHtmlParser
2024-01-23 21:08:51,764 INFO o.a.j.p.h.s.HTTPSamplerBase: Parser for text/vnd.wap.wml is org.apache.jmeter.protocol.http.parser.RegexpHTMLParser
2024-01-23 21:08:51,764 INFO o.a.j.p.h.s.HTTPSamplerBase: Parser for text/css is org.apache.jmeter.protocol.http.parser.CssParser
2024-01-23 21:09:14,773 INFO o.a.j.s.SampleResult: Note: Sample TimeStamps are START times
2024-01-23 21:09:14,775 INFO o.a.j.s.SampleResult: sampleresult.default.encoding is set to UTF-8
2024-01-23 21:09:14,775 INFO o.a.j.s.SampleResult: sampleresult.useNanoTime=true
2024-01-23 21:09:14,775 INFO o.a.j.s.SampleResult: sampleresult.nanoThreadSleep=5000
2024-01-23 21:44:54,299 INFO o.a.j.s.FileServer: Default base='/home/projects/recruitment-service/apache-jmeter-5.6.3/bin'
2024-01-23 21:44:54,302 INFO o.a.j.s.FileServer: Set new base='/home/projects/recruitment-service'
2024-01-23 21:44:54,836 INFO o.a.j.s.SaveService: Testplan (JMX) version: 2.2. Testlog (JTL) version: 2.2
2024-01-23 21:44:54,857 INFO o.a.j.s.SaveService: Using SaveService properties version 5.0
2024-01-23 21:44:54,861 INFO o.a.j.s.SaveService: Using SaveService properties file encoding UTF-8
2024-01-23 21:44:54,950 INFO o.a.j.e.StandardJMeterEngine: Running the test!
2024-01-23 21:44:54,953 INFO o.a.j.s.SampleEvent: List of sample_variables: []
2024-01-23 21:44:54,954 INFO o.a.j.s.SampleEvent: List of sample_variables: []
2024-01-23 21:44:54,969 INFO o.a.j.e.u.CompoundVariable: Note: Function class names must contain the string: '.functions.'
2024-01-23 21:44:54,969 INFO o.a.j.e.u.CompoundVariable: Note: Function class names must not contain the string: '.gui.'
2024-01-23 21:44:55,168 INFO o.a.j.g.u.JMeterMenuBar: setRunning(true, *local*)
2024-01-23 21:44:55,285 INFO o.a.j.e.StandardJMeterEngine: Starting ThreadGroup: 1 : Thread Group
2024-01-23 21:44:55,287 INFO o.a.j.e.StandardJMeterEngine: Starting 3 threads for group Thread Group.
2024-01-23 21:44:55,288 INFO o.a.j.e.StandardJMeterEngine: Thread will continue on error
2024-01-23 21:44:55,288 INFO o.a.j.t.ThreadGroup: Starting thread group... number=1 threads=3 ramp-up=1 delayedStart=false
2024-01-23 21:44:55,296 INFO o.a.j.t.JMeterThread: Thread started: Thread Group 1-1
2024-01-23 21:44:55,308 INFO o.a.j.t.ThreadGroup: Started thread group number 1
2024-01-23 21:44:55,309 INFO o.a.j.e.StandardJMeterEngine: All thread groups have been started
2024-01-23 21:44:55,366 INFO o.a.j.p.h.s.HTTPHCAbstractImpl: Local host = DESKTOP-48CABNN
2024-01-23 21:44:55,394 INFO o.a.j.p.h.s.HTTPHC4Impl: HTTP request retry count = 0
2024-01-23 21:44:55,634 INFO o.a.j.t.JMeterThread: Thread started: Thread Group 1-2
2024-01-23 21:44:55,963 INFO o.a.j.t.JMeterThread: Thread started: Thread Group 1-3
2024-01-23 21:44:57,883 INFO o.a.j.t.JMeterThread: Thread is done: Thread Group 1-2
2024-01-23 21:44:57,884 INFO o.a.j.t.JMeterThread: Thread finished: Thread Group 1-2
2024-01-23 21:44:57,978 INFO o.a.j.t.JMeterThread: Thread is done: Thread Group 1-3
2024-01-23 21:44:57,978 INFO o.a.j.t.JMeterThread: Thread finished: Thread Group 1-3
2024-01-23 21:44:58,068 INFO o.a.j.t.JMeterThread: Thread is done: Thread Group 1-1
2024-01-23 21:44:58,069 INFO o.a.j.t.JMeterThread: Thread finished: Thread Group 1-1
2024-01-23 21:44:58,070 INFO o.a.j.e.StandardJMeterEngine: Notifying test listeners of end of test
2024-01-23 21:44:58,071 INFO o.a.j.g.u.JMeterMenuBar: setRunning(false, *local*)
2024-01-23 21:45:04,481 INFO o.a.j.e.StandardJMeterEngine: Running the test!
2024-01-23 21:45:04,483 INFO o.a.j.s.SampleEvent: List of sample_variables: []
2024-01-23 21:45:04,484 INFO o.a.j.g.u.JMeterMenuBar: setRunning(true, *local*)
2024-01-23 21:45:04,552 INFO o.a.j.e.StandardJMeterEngine: Starting ThreadGroup: 1 : Thread Group
2024-01-23 21:45:04,552 INFO o.a.j.e.StandardJMeterEngine: Starting 3 threads for group Thread Group.
2024-01-23 21:45:04,552 INFO o.a.j.e.StandardJMeterEngine: Thread will continue on error
2024-01-23 21:45:04,552 INFO o.a.j.t.ThreadGroup: Starting thread group... number=1 threads=3 ramp-up=1 delayedStart=false
2024-01-23 21:45:04,556 INFO o.a.j.t.JMeterThread: Thread started: Thread Group 1-1
2024-01-23 21:45:04,573 INFO o.a.j.t.ThreadGroup: Started thread group number 1
2024-01-23 21:45:04,574 INFO o.a.j.e.StandardJMeterEngine: All thread groups have been started
2024-01-23 21:45:04,899 INFO o.a.j.t.JMeterThread: Thread started: Thread Group 1-2
2024-01-23 21:45:05,241 INFO o.a.j.t.JMeterThread: Thread started: Thread Group 1-3
2024-01-23 21:45:05,307 INFO o.a.j.t.JMeterThread: Thread is done: Thread Group 1-1
2024-01-23 21:45:05,337 INFO o.a.j.t.JMeterThread: Thread finished: Thread Group 1-1
2024-01-23 21:45:05,677 INFO o.a.j.t.JMeterThread: Thread is done: Thread Group 1-2
2024-01-23 21:45:05,677 INFO o.a.j.t.JMeterThread: Thread finished: Thread Group 1-2
2024-01-23 21:45:05,816 INFO o.a.j.t.JMeterThread: Thread is done: Thread Group 1-3
2024-01-23 21:45:05,817 INFO o.a.j.t.JMeterThread: Thread finished: Thread Group 1-3
2024-01-23 21:45:05,818 INFO o.a.j.e.StandardJMeterEngine: Notifying test listeners of end of test
2024-01-23 21:45:05,818 INFO o.a.j.g.u.JMeterMenuBar: setRunning(false, *local*)
2024-01-23 21:45:27,544 INFO o.a.j.e.StandardJMeterEngine: Running the test!
2024-01-23 21:45:27,546 INFO o.a.j.s.SampleEvent: List of sample_variables: []
2024-01-23 21:45:27,547 INFO o.a.j.g.u.JMeterMenuBar: setRunning(true, *local*)
2024-01-23 21:45:27,618 INFO o.a.j.e.StandardJMeterEngine: Starting ThreadGroup: 1 : Thread Group
2024-01-23 21:45:27,619 INFO o.a.j.e.StandardJMeterEngine: Starting 3 threads for group Thread Group.
2024-01-23 21:45:27,619 INFO o.a.j.e.StandardJMeterEngine: Thread will continue on error
2024-01-23 21:45:27,620 INFO o.a.j.t.ThreadGroup: Starting thread group... number=1 threads=3 ramp-up=1 delayedStart=false
2024-01-23 21:45:27,623 INFO o.a.j.t.ThreadGroup: Started thread group number 1
2024-01-23 21:45:27,623 INFO o.a.j.e.StandardJMeterEngine: All thread groups have been started
2024-01-23 21:45:27,625 INFO o.a.j.t.JMeterThread: Thread started: Thread Group 1-1
2024-01-23 21:45:27,955 INFO o.a.j.t.JMeterThread: Thread started: Thread Group 1-2
2024-01-23 21:45:27,999 INFO o.a.j.t.JMeterThread: Thread is done: Thread Group 1-1
2024-01-23 21:45:27,999 INFO o.a.j.t.JMeterThread: Thread finished: Thread Group 1-1
2024-01-23 21:45:28,297 INFO o.a.j.t.JMeterThread: Thread started: Thread Group 1-3
2024-01-23 21:45:28,507 INFO o.a.j.t.JMeterThread: Thread is done: Thread Group 1-2
2024-01-23 21:45:28,508 INFO o.a.j.t.JMeterThread: Thread finished: Thread Group 1-2
2024-01-23 21:45:28,815 INFO o.a.j.t.JMeterThread: Thread is done: Thread Group 1-3
2024-01-23 21:45:28,815 INFO o.a.j.t.JMeterThread: Thread finished: Thread Group 1-3
2024-01-23 21:45:28,817 INFO o.a.j.e.StandardJMeterEngine: Notifying test listeners of end of test
2024-01-23 21:45:28,818 INFO o.a.j.g.u.JMeterMenuBar: setRunning(false, *local*)
2024-01-23 21:45:35,069 INFO o.a.j.e.StandardJMeterEngine: Running the test!
2024-01-23 21:45:35,071 INFO o.a.j.s.SampleEvent: List of sample_variables: []
2024-01-23 21:45:35,072 INFO o.a.j.g.u.JMeterMenuBar: setRunning(true, *local*)
2024-01-23 21:45:35,158 INFO o.a.j.e.StandardJMeterEngine: Starting ThreadGroup: 1 : Thread Group
2024-01-23 21:45:35,159 INFO o.a.j.e.StandardJMeterEngine: Starting 3 threads for group Thread Group.
2024-01-23 21:45:35,159 INFO o.a.j.e.StandardJMeterEngine: Thread will continue on error
2024-01-23 21:45:35,160 INFO o.a.j.t.ThreadGroup: Starting thread group... number=1 threads=3 ramp-up=1 delayedStart=false
2024-01-23 21:45:35,164 INFO o.a.j.t.JMeterThread: Thread started: Thread Group 1-1
2024-01-23 21:45:35,175 INFO o.a.j.t.ThreadGroup: Started thread group number 1
2024-01-23 21:45:35,177 INFO o.a.j.e.StandardJMeterEngine: All thread groups have been started
2024-01-23 21:45:35,459 INFO o.a.j.t.JMeterThread: Thread is done: Thread Group 1-1
2024-01-23 21:45:35,460 INFO o.a.j.t.JMeterThread: Thread finished: Thread Group 1-1
2024-01-23 21:45:35,506 INFO o.a.j.t.JMeterThread: Thread started: Thread Group 1-2
2024-01-23 21:45:35,843 INFO o.a.j.t.JMeterThread: Thread started: Thread Group 1-3
2024-01-23 21:45:35,925 INFO o.a.j.t.JMeterThread: Thread is done: Thread Group 1-2
2024-01-23 21:45:35,926 INFO o.a.j.t.JMeterThread: Thread finished: Thread Group 1-2
2024-01-23 21:45:36,267 INFO o.a.j.t.JMeterThread: Thread is done: Thread Group 1-3
2024-01-23 21:45:36,267 INFO o.a.j.t.JMeterThread: Thread finished: Thread Group 1-3
2024-01-23 21:45:36,268 INFO o.a.j.e.StandardJMeterEngine: Notifying test listeners of end of test
2024-01-23 21:45:36,268 INFO o.a.j.g.u.JMeterMenuBar: setRunning(false, *local*)
2024-01-23 21:46:14,806 INFO o.a.j.e.StandardJMeterEngine: Running the test!
2024-01-23 21:46:14,807 INFO o.a.j.s.SampleEvent: List of sample_variables: []
2024-01-23 21:46:14,808 INFO o.a.j.g.u.JMeterMenuBar: setRunning(true, *local*)
2024-01-23 21:46:14,893 INFO o.a.j.e.StandardJMeterEngine: Starting ThreadGroup: 1 : Thread Group
2024-01-23 21:46:14,893 INFO o.a.j.e.StandardJMeterEngine: Starting 3 threads for group Thread Group.
2024-01-23 21:46:14,893 INFO o.a.j.e.StandardJMeterEngine: Thread will continue on error
2024-01-23 21:46:14,898 INFO o.a.j.t.ThreadGroup: Starting thread group... number=1 threads=3 ramp-up=1 delayedStart=false
2024-01-23 21:46:14,900 INFO o.a.j.t.JMeterThread: Thread started: Thread Group 1-1
2024-01-23 21:46:14,901 INFO o.a.j.t.ThreadGroup: Started thread group number 1
2024-01-23 21:46:14,901 INFO o.a.j.e.StandardJMeterEngine: All thread groups have been started
2024-01-23 21:46:15,242 INFO o.a.j.t.JMeterThread: Thread started: Thread Group 1-2
2024-01-23 21:46:15,368 INFO o.a.j.t.JMeterThread: Thread is done: Thread Group 1-1
2024-01-23 21:46:15,368 INFO o.a.j.t.JMeterThread: Thread finished: Thread Group 1-1
2024-01-23 21:46:15,566 INFO o.a.j.t.JMeterThread: Thread started: Thread Group 1-3
2024-01-23 21:46:16,070 INFO o.a.j.t.JMeterThread: Thread is done: Thread Group 1-2
2024-01-23 21:46:16,081 INFO o.a.j.t.JMeterThread: Thread finished: Thread Group 1-2
2024-01-23 21:46:16,234 INFO o.a.j.t.JMeterThread: Thread is done: Thread Group 1-3
2024-01-23 21:46:16,234 INFO o.a.j.t.JMeterThread: Thread finished: Thread Group 1-3
2024-01-23 21:46:16,237 INFO o.a.j.e.StandardJMeterEngine: Notifying test listeners of end of test
2024-01-23 21:46:16,238 INFO o.a.j.g.u.JMeterMenuBar: setRunning(false, *local*)
2024-01-23 22:35:23,535 INFO o.a.j.e.StandardJMeterEngine: Running the test!
2024-01-23 22:35:23,536 INFO o.a.j.s.SampleEvent: List of sample_variables: []
2024-01-23 22:35:23,538 INFO o.a.j.g.u.JMeterMenuBar: setRunning(true, *local*)
2024-01-23 22:35:23,725 INFO o.a.j.e.StandardJMeterEngine: Starting ThreadGroup: 1 : Thread Group
2024-01-23 22:35:23,725 INFO o.a.j.e.StandardJMeterEngine: Starting 30 threads for group Thread Group.
2024-01-23 22:35:23,726 INFO o.a.j.e.StandardJMeterEngine: Thread will continue on error
2024-01-23 22:35:23,726 INFO o.a.j.t.ThreadGroup: Starting thread group... number=1 threads=30 ramp-up=1 delayedStart=false
2024-01-23 22:35:23,729 INFO o.a.j.t.JMeterThread: Thread started: Thread Group 1-1
2024-01-23 22:35:23,786 INFO o.a.j.t.JMeterThread: Thread started: Thread Group 1-2
2024-01-23 22:35:23,833 INFO o.a.j.t.JMeterThread: Thread started: Thread Group 1-4
2024-01-23 22:35:23,838 INFO o.a.j.t.JMeterThread: Thread started: Thread Group 1-3
2024-01-23 22:35:23,881 INFO o.a.j.t.JMeterThread: Thread started: Thread Group 1-5
2024-01-23 22:35:23,931 INFO o.a.j.t.JMeterThread: Thread started: Thread Group 1-6
2024-01-23 22:35:23,963 INFO o.a.j.t.JMeterThread: Thread started: Thread Group 1-7
2024-01-23 22:35:23,999 INFO o.a.j.t.JMeterThread: Thread started: Thread Group 1-8
2024-01-23 22:35:24,091 INFO o.a.j.t.JMeterThread: Thread started: Thread Group 1-10
2024-01-23 22:35:24,015 INFO o.a.j.t.JMeterThread: Thread started: Thread Group 1-9
2024-01-23 22:35:24,093 INFO o.a.j.t.JMeterThread: Thread started: Thread Group 1-11
2024-01-23 22:35:24,160 INFO o.a.j.t.JMeterThread: Thread started: Thread Group 1-14
2024-01-23 22:35:24,166 INFO o.a.j.t.JMeterThread: Thread started: Thread Group 1-12
2024-01-23 22:35:24,244 INFO o.a.j.t.JMeterThread: Thread started: Thread Group 1-16
2024-01-23 22:35:24,260 INFO o.a.j.t.JMeterThread: Thread started: Thread Group 1-17
2024-01-23 22:35:24,273 INFO o.a.j.t.JMeterThread: Thread started: Thread Group 1-13
2024-01-23 22:35:24,283 INFO o.a.j.t.JMeterThread: Thread started: Thread Group 1-15
2024-01-23 22:35:24,300 INFO o.a.j.t.JMeterThread: Thread started: Thread Group 1-18
2024-01-23 22:35:24,363 INFO o.a.j.t.JMeterThread: Thread started: Thread Group 1-19
2024-01-23 22:35:24,418 INFO o.a.j.t.JMeterThread: Thread started: Thread Group 1-21
2024-01-23 22:35:24,433 INFO o.a.j.t.ThreadGroup: Started thread group number 1
2024-01-23 22:35:24,434 INFO o.a.j.e.StandardJMeterEngine: All thread groups have been started
2024-01-23 22:35:24,444 INFO o.a.j.t.JMeterThread: Thread started: Thread Group 1-20
2024-01-23 22:35:24,449 INFO o.a.j.t.JMeterThread: Thread started: Thread Group 1-22
2024-01-23 22:35:24,476 INFO o.a.j.t.JMeterThread: Thread started: Thread Group 1-23
2024-01-23 22:35:24,509 INFO o.a.j.t.JMeterThread: Thread started: Thread Group 1-24
2024-01-23 22:35:24,525 INFO o.a.j.t.JMeterThread: Thread started: Thread Group 1-25
2024-01-23 22:35:24,570 INFO o.a.j.t.JMeterThread: Thread started: Thread Group 1-26
2024-01-23 22:35:24,630 INFO o.a.j.t.JMeterThread: Thread started: Thread Group 1-28
2024-01-23 22:35:24,652 INFO o.a.j.t.JMeterThread: Thread started: Thread Group 1-27
2024-01-23 22:35:24,670 INFO o.a.j.t.JMeterThread: Thread started: Thread Group 1-29
2024-01-23 22:35:24,715 INFO o.a.j.t.JMeterThread: Thread started: Thread Group 1-30
2024-01-23 22:35:32,143 INFO o.a.j.t.JMeterThread: Thread is done: Thread Group 1-3
2024-01-23 22:35:32,144 INFO o.a.j.t.JMeterThread: Thread finished: Thread Group 1-3
2024-01-23 22:35:32,266 INFO o.a.j.t.JMeterThread: Thread is done: Thread Group 1-2
2024-01-23 22:35:32,266 INFO o.a.j.t.JMeterThread: Thread finished: Thread Group 1-2
2024-01-23 22:35:32,495 INFO o.a.j.t.JMeterThread: Thread is done: Thread Group 1-11
2024-01-23 22:35:32,495 INFO o.a.j.t.JMeterThread: Thread finished: Thread Group 1-11
2024-01-23 22:35:32,732 INFO o.a.j.t.JMeterThread: Thread is done: Thread Group 1-6
2024-01-23 22:35:32,732 INFO o.a.j.t.JMeterThread: Thread finished: Thread Group 1-6
2024-01-23 22:35:32,767 INFO o.a.j.t.JMeterThread: Thread is done: Thread Group 1-5
2024-01-23 22:35:32,768 INFO o.a.j.t.JMeterThread: Thread finished: Thread Group 1-5
2024-01-23 22:35:32,770 INFO o.a.j.t.JMeterThread: Thread is done: Thread Group 1-4
2024-01-23 22:35:32,771 INFO o.a.j.t.JMeterThread: Thread finished: Thread Group 1-4
2024-01-23 22:35:32,932 INFO o.a.j.t.JMeterThread: Thread is done: Thread Group 1-7
2024-01-23 22:35:32,933 INFO o.a.j.t.JMeterThread: Thread finished: Thread Group 1-7
2024-01-23 22:35:32,961 INFO o.a.j.t.JMeterThread: Thread is done: Thread Group 1-1
2024-01-23 22:35:32,961 INFO o.a.j.t.JMeterThread: Thread finished: Thread Group 1-1
2024-01-23 22:35:32,978 INFO o.a.j.t.JMeterThread: Thread is done: Thread Group 1-8
2024-01-23 22:35:33,005 INFO o.a.j.t.JMeterThread: Thread finished: Thread Group 1-8
2024-01-23 22:35:33,094 INFO o.a.j.t.JMeterThread: Thread is done: Thread Group 1-14
2024-01-23 22:35:33,095 INFO o.a.j.t.JMeterThread: Thread finished: Thread Group 1-14
2024-01-23 22:35:35,608 INFO o.a.j.t.JMeterThread: Thread is done: Thread Group 1-25
2024-01-23 22:35:35,655 INFO o.a.j.t.JMeterThread: Thread finished: Thread Group 1-25
2024-01-23 22:35:36,072 INFO o.a.j.t.JMeterThread: Thread is done: Thread Group 1-16
2024-01-23 22:35:36,073 INFO o.a.j.t.JMeterThread: Thread finished: Thread Group 1-16
2024-01-23 22:35:36,512 INFO o.a.j.t.JMeterThread: Thread is done: Thread Group 1-12
2024-01-23 22:35:36,513 INFO o.a.j.t.JMeterThread: Thread finished: Thread Group 1-12
2024-01-23 22:35:36,632 INFO o.a.j.t.JMeterThread: Thread is done: Thread Group 1-18
2024-01-23 22:35:36,632 INFO o.a.j.t.JMeterThread: Thread finished: Thread Group 1-18
2024-01-23 22:35:36,786 INFO o.a.j.t.JMeterThread: Thread is done: Thread Group 1-17
2024-01-23 22:35:36,786 INFO o.a.j.t.JMeterThread: Thread finished: Thread Group 1-17
2024-01-23 22:35:36,941 INFO o.a.j.t.JMeterThread: Thread is done: Thread Group 1-13
2024-01-23 22:35:36,942 INFO o.a.j.t.JMeterThread: Thread finished: Thread Group 1-13
2024-01-23 22:35:36,967 INFO o.a.j.t.JMeterThread: Thread is done: Thread Group 1-21
2024-01-23 22:35:36,968 INFO o.a.j.t.JMeterThread: Thread finished: Thread Group 1-21
2024-01-23 22:35:36,976 INFO o.a.j.t.JMeterThread: Thread is done: Thread Group 1-9
2024-01-23 22:35:36,976 INFO o.a.j.t.JMeterThread: Thread finished: Thread Group 1-9
2024-01-23 22:35:37,320 INFO o.a.j.t.JMeterThread: Thread is done: Thread Group 1-10
2024-01-23 22:35:37,321 INFO o.a.j.t.JMeterThread: Thread finished: Thread Group 1-10
2024-01-23 22:35:38,235 INFO o.a.j.t.JMeterThread: Thread is done: Thread Group 1-20
2024-01-23 22:35:38,235 INFO o.a.j.t.JMeterThread: Thread finished: Thread Group 1-20
2024-01-23 22:35:39,923 INFO o.a.j.t.JMeterThread: Thread is done: Thread Group 1-24
2024-01-23 22:35:39,923 INFO o.a.j.t.JMeterThread: Thread finished: Thread Group 1-24
2024-01-23 22:35:40,165 INFO o.a.j.t.JMeterThread: Thread is done: Thread Group 1-27
2024-01-23 22:35:40,165 INFO o.a.j.t.JMeterThread: Thread finished: Thread Group 1-27
2024-01-23 22:35:40,173 INFO o.a.j.t.JMeterThread: Thread is done: Thread Group 1-26
2024-01-23 22:35:40,173 INFO o.a.j.t.JMeterThread: Thread finished: Thread Group 1-26
2024-01-23 22:35:40,175 INFO o.a.j.t.JMeterThread: Thread is done: Thread Group 1-28
2024-01-23 22:35:40,175 INFO o.a.j.t.JMeterThread: Thread finished: Thread Group 1-28
2024-01-23 22:35:40,177 INFO o.a.j.t.JMeterThread: Thread is done: Thread Group 1-15
2024-01-23 22:35:40,177 INFO o.a.j.t.JMeterThread: Thread finished: Thread Group 1-15
2024-01-23 22:35:40,182 INFO o.a.j.t.JMeterThread: Thread is done: Thread Group 1-23
2024-01-23 22:35:40,182 INFO o.a.j.t.JMeterThread: Thread finished: Thread Group 1-23
2024-01-23 22:35:40,189 INFO o.a.j.t.JMeterThread: Thread is done: Thread Group 1-22
2024-01-23 22:35:40,190 INFO o.a.j.t.JMeterThread: Thread finished: Thread Group 1-22
2024-01-23 22:35:40,190 INFO o.a.j.t.JMeterThread: Thread is done: Thread Group 1-30
2024-01-23 22:35:40,191 INFO o.a.j.t.JMeterThread: Thread finished: Thread Group 1-30
2024-01-23 22:35:40,337 INFO o.a.j.t.JMeterThread: Thread is done: Thread Group 1-29
2024-01-23 22:35:40,337 INFO o.a.j.t.JMeterThread: Thread finished: Thread Group 1-29
2024-01-23 22:35:40,370 INFO o.a.j.t.JMeterThread: Thread is done: Thread Group 1-19
2024-01-23 22:35:40,371 INFO o.a.j.t.JMeterThread: Thread finished: Thread Group 1-19
2024-01-23 22:35:40,372 INFO o.a.j.e.StandardJMeterEngine: Notifying test listeners of end of test
2024-01-23 22:35:40,372 INFO o.a.j.g.u.JMeterMenuBar: setRunning(false, *local*)
